0 verbose cli /usr/local/bin/node /usr/local/bin/npm
1 info using npm@9.5.0
2 info using node@v18.15.0
3 timing npm:load:whichnode Completed in 1ms
4 timing config:load:defaults Completed in 7ms
5 timing config:load:file:/usr/local/lib/node_modules/npm/npmrc Completed in 1ms
6 timing config:load:builtin Completed in 1ms
7 timing config:load:cli Completed in 1ms
8 timing config:load:env Completed in 1ms
9 timing config:load:file:/Users/keith/Palette-Generator/.npmrc Completed in 1ms
10 timing config:load:project Completed in 1ms
11 timing config:load:file:/Users/keith/.npmrc Completed in 2ms
12 timing config:load:user Completed in 2ms
13 timing config:load:file:/usr/local/etc/npmrc Completed in 2ms
14 timing config:load:global Completed in 2ms
15 timing config:load:setEnvs Completed in 1ms
16 timing config:load Completed in 17ms
17 timing npm:load:configload Completed in 17ms
18 timing npm:load:mkdirpcache Completed in 0ms
19 timing npm:load:mkdirplogs Completed in 2ms
20 verbose title npm start
21 verbose argv "start"
22 timing npm:load:setTitle Completed in 20ms
23 timing config:load:flatten Completed in 3ms
24 timing npm:load:display Completed in 3ms
25 verbose logfile logs-max:10 dir:/Users/keith/Palette-Generator/path to npmrc folder/_logs/2023-11-05T05_06_19_035Z-
26 verbose logfile /Users/keith/Palette-Generator/path to npmrc folder/_logs/2023-11-05T05_06_19_035Z-debug-0.log
27 timing npm:load:logFile Completed in 5ms
28 timing npm:load:timers Completed in 0ms
29 timing npm:load:configScope Completed in 0ms
30 timing npm:load Completed in 49ms
31 silly logfile done cleaning log files
32 http fetch GET 200 https://registry.npmjs.org/npm 286ms (cache updated)
33 http fetch GET 200 https://registry.npmjs.org/npm 308ms (cache updated)
